<?xml version="1.0" encoding="UTF-8"?>
<testsuite xmlns:xsi="http://www.w3.org/2001/XMLSchema-instance" xsi:noNamespaceSchemaLocation="https://maven.apache.org/surefire/maven-surefire-plugin/xsd/surefire-test-report.xsd" name="com.example.Clientes.ApiClientes.ApiClientesApplicationTests" time="5.985" tests="1" errors="0" skipped="0" failures="0">
  <properties>
    <property name="sun.desktop" value="windows"/>
    <property name="awt.toolkit" value="sun.awt.windows.WToolkit"/>
    <property name="file.encoding.pkg" value="sun.io"/>
    <property name="java.specification.version" value="1.8"/>
    <property name="sun.cpu.isalist" value="amd64"/>
    <property name="sun.jnu.encoding" value="Cp1252"/>
    <property name="java.class.path" value="C:\TI\Repositorys-GIT\Projeto-Clientes\Api-Clientes\target\test-classes;C:\TI\Repositorys-GIT\Projeto-Clientes\Api-Clientes\target\classes;C:\Users\Pilar\.m2jdk8\repository\org\springframework\boot\spring-boot-starter-web\2.3.6.RELEASE\spring-boot-starter-web-2.3.6.RELEASE.jar;C:\Users\Pilar\.m2jdk8\repository\org\springframework\boot\spring-boot-starter\2.3.6.RELEASE\spring-boot-starter-2.3.6.RELEASE.jar;C:\Users\Pilar\.m2jdk8\repository\org\springframework\boot\spring-boot\2.3.6.RELEASE\spring-boot-2.3.6.RELEASE.jar;C:\Users\Pilar\.m2jdk8\repository\org\springframework\boot\spring-boot-autoconfigure\2.3.6.RELEASE\spring-boot-autoconfigure-2.3.6.RELEASE.jar;C:\Users\Pilar\.m2jdk8\repository\org\springframework\boot\spring-boot-starter-logging\2.3.6.RELEASE\spring-boot-starter-logging-2.3.6.RELEASE.jar;C:\Users\Pilar\.m2jdk8\repository\ch\qos\logback\logback-classic\1.2.3\logback-classic-1.2.3.jar;C:\Users\Pilar\.m2jdk8\repository\ch\qos\logback\logback-core\1.2.3\logback-core-1.2.3.jar;C:\Users\Pilar\.m2jdk8\repository\org\apache\logging\log4j\log4j-to-slf4j\2.13.3\log4j-to-slf4j-2.13.3.jar;C:\Users\Pilar\.m2jdk8\repository\org\apache\logging\log4j\log4j-api\2.13.3\log4j-api-2.13.3.jar;C:\Users\Pilar\.m2jdk8\repository\org\slf4j\jul-to-slf4j\1.7.30\jul-to-slf4j-1.7.30.jar;C:\Users\Pilar\.m2jdk8\repository\jakarta\annotation\jakarta.annotation-api\1.3.5\jakarta.annotation-api-1.3.5.jar;C:\Users\Pilar\.m2jdk8\repository\org\yaml\snakeyaml\1.26\snakeyaml-1.26.jar;C:\Users\Pilar\.m2jdk8\repository\org\springframework\boot\spring-boot-starter-json\2.3.6.RELEASE\spring-boot-starter-json-2.3.6.RELEASE.jar;C:\Users\Pilar\.m2jdk8\repository\com\fasterxml\jackson\core\jackson-databind\2.11.3\jackson-databind-2.11.3.jar;C:\Users\Pilar\.m2jdk8\repository\com\fasterxml\jackson\core\jackson-core\2.11.3\jackson-core-2.11.3.jar;C:\Users\Pilar\.m2jdk8\repository\com\fasterxml\jackson\datatype\jackson-datatype-jdk8\2.11.3\jackson-datatype-jdk8-2.11.3.jar;C:\Users\Pilar\.m2jdk8\repository\com\fasterxml\jackson\datatype\jackson-datatype-jsr310\2.11.3\jackson-datatype-jsr310-2.11.3.jar;C:\Users\Pilar\.m2jdk8\repository\com\fasterxml\jackson\module\jackson-module-parameter-names\2.11.3\jackson-module-parameter-names-2.11.3.jar;C:\Users\Pilar\.m2jdk8\repository\org\springframework\boot\spring-boot-starter-tomcat\2.3.6.RELEASE\spring-boot-starter-tomcat-2.3.6.RELEASE.jar;C:\Users\Pilar\.m2jdk8\repository\org\apache\tomcat\embed\tomcat-embed-core\9.0.39\tomcat-embed-core-9.0.39.jar;C:\Users\Pilar\.m2jdk8\repository\org\glassfish\jakarta.el\3.0.3\jakarta.el-3.0.3.jar;C:\Users\Pilar\.m2jdk8\repository\org\apache\tomcat\embed\tomcat-embed-websocket\9.0.39\tomcat-embed-websocket-9.0.39.jar;C:\Users\Pilar\.m2jdk8\repository\org\springframework\spring-web\5.2.11.RELEASE\spring-web-5.2.11.RELEASE.jar;C:\Users\Pilar\.m2jdk8\repository\org\springframework\spring-beans\5.2.11.RELEASE\spring-beans-5.2.11.RELEASE.jar;C:\Users\Pilar\.m2jdk8\repository\org\springframework\spring-webmvc\5.2.11.RELEASE\spring-webmvc-5.2.11.RELEASE.jar;C:\Users\Pilar\.m2jdk8\repository\org\springframework\spring-aop\5.2.11.RELEASE\spring-aop-5.2.11.RELEASE.jar;C:\Users\Pilar\.m2jdk8\repository\org\springframework\spring-context\5.2.11.RELEASE\spring-context-5.2.11.RELEASE.jar;C:\Users\Pilar\.m2jdk8\repository\org\springframework\spring-expression\5.2.11.RELEASE\spring-expression-5.2.11.RELEASE.jar;C:\Users\Pilar\.m2jdk8\repository\org\projectlombok\lombok\1.18.16\lombok-1.18.16.jar;C:\Users\Pilar\.m2jdk8\repository\org\springframework\boot\spring-boot-starter-test\2.3.6.RELEASE\spring-boot-starter-test-2.3.6.RELEASE.jar;C:\Users\Pilar\.m2jdk8\repository\org\springframework\boot\spring-boot-test\2.3.6.RELEASE\spring-boot-test-2.3.6.RELEASE.jar;C:\Users\Pilar\.m2jdk8\repository\org\springframework\boot\spring-boot-test-autoconfigure\2.3.6.RELEASE\spring-boot-test-autoconfigure-2.3.6.RELEASE.jar;C:\Users\Pilar\.m2jdk8\repository\com\jayway\jsonpath\json-path\2.4.0\json-path-2.4.0.jar;C:\Users\Pilar\.m2jdk8\repository\net\minidev\json-smart\2.3\json-smart-2.3.jar;C:\Users\Pilar\.m2jdk8\repository\net\minidev\accessors-smart\1.2\accessors-smart-1.2.jar;C:\Users\Pilar\.m2jdk8\repository\org\ow2\asm\asm\5.0.4\asm-5.0.4.jar;C:\Users\Pilar\.m2jdk8\repository\jakarta\xml\bind\jakarta.xml.bind-api\2.3.3\jakarta.xml.bind-api-2.3.3.jar;C:\Users\Pilar\.m2jdk8\repository\jakarta\activation\jakarta.activation-api\1.2.2\jakarta.activation-api-1.2.2.jar;C:\Users\Pilar\.m2jdk8\repository\org\assertj\assertj-core\3.16.1\assertj-core-3.16.1.jar;C:\Users\Pilar\.m2jdk8\repository\org\hamcrest\hamcrest\2.2\hamcrest-2.2.jar;C:\Users\Pilar\.m2jdk8\repository\org\junit\jupiter\junit-jupiter\5.6.3\junit-jupiter-5.6.3.jar;C:\Users\Pilar\.m2jdk8\repository\org\junit\jupiter\junit-jupiter-api\5.6.3\junit-jupiter-api-5.6.3.jar;C:\Users\Pilar\.m2jdk8\repository\org\apiguardian\apiguardian-api\1.1.0\apiguardian-api-1.1.0.jar;C:\Users\Pilar\.m2jdk8\repository\org\opentest4j\opentest4j\1.2.0\opentest4j-1.2.0.jar;C:\Users\Pilar\.m2jdk8\repository\org\junit\platform\junit-platform-commons\1.6.3\junit-platform-commons-1.6.3.jar;C:\Users\Pilar\.m2jdk8\repository\org\junit\jupiter\junit-jupiter-params\5.6.3\junit-jupiter-params-5.6.3.jar;C:\Users\Pilar\.m2jdk8\repository\org\junit\jupiter\junit-jupiter-engine\5.6.3\junit-jupiter-engine-5.6.3.jar;C:\Users\Pilar\.m2jdk8\repository\org\junit\platform\junit-platform-engine\1.6.3\junit-platform-engine-1.6.3.jar;C:\Users\Pilar\.m2jdk8\repository\org\mockito\mockito-core\3.3.3\mockito-core-3.3.3.jar;C:\Users\Pilar\.m2jdk8\repository\net\bytebuddy\byte-buddy\1.10.18\byte-buddy-1.10.18.jar;C:\Users\Pilar\.m2jdk8\repository\net\bytebuddy\byte-buddy-agent\1.10.18\byte-buddy-agent-1.10.18.jar;C:\Users\Pilar\.m2jdk8\repository\org\objenesis\objenesis\2.6\objenesis-2.6.jar;C:\Users\Pilar\.m2jdk8\repository\org\mockito\mockito-junit-jupiter\3.3.3\mockito-junit-jupiter-3.3.3.jar;C:\Users\Pilar\.m2jdk8\repository\org\skyscreamer\jsonassert\1.5.0\jsonassert-1.5.0.jar;C:\Users\Pilar\.m2jdk8\repository\com\vaadin\external\google\android-json\0.0.20131108.vaadin1\android-json-0.0.20131108.vaadin1.jar;C:\Users\Pilar\.m2jdk8\repository\org\springframework\spring-core\5.2.11.RELEASE\spring-core-5.2.11.RELEASE.jar;C:\Users\Pilar\.m2jdk8\repository\org\springframework\spring-jcl\5.2.11.RELEASE\spring-jcl-5.2.11.RELEASE.jar;C:\Users\Pilar\.m2jdk8\repository\org\springframework\spring-test\5.2.11.RELEASE\spring-test-5.2.11.RELEASE.jar;C:\Users\Pilar\.m2jdk8\repository\org\xmlunit\xmlunit-core\2.7.0\xmlunit-core-2.7.0.jar;C:\Users\Pilar\.m2jdk8\repository\org\springframework\boot\spring-boot-starter-data-jpa\2.3.6.RELEASE\spring-boot-starter-data-jpa-2.3.6.RELEASE.jar;C:\Users\Pilar\.m2jdk8\repository\org\springframework\boot\spring-boot-starter-aop\2.3.6.RELEASE\spring-boot-starter-aop-2.3.6.RELEASE.jar;C:\Users\Pilar\.m2jdk8\repository\org\aspectj\aspectjweaver\1.9.6\aspectjweaver-1.9.6.jar;C:\Users\Pilar\.m2jdk8\repository\org\springframework\boot\spring-boot-starter-jdbc\2.3.6.RELEASE\spring-boot-starter-jdbc-2.3.6.RELEASE.jar;C:\Users\Pilar\.m2jdk8\repository\com\zaxxer\HikariCP\3.4.5\HikariCP-3.4.5.jar;C:\Users\Pilar\.m2jdk8\repository\org\springframework\spring-jdbc\5.2.11.RELEASE\spring-jdbc-5.2.11.RELEASE.jar;C:\Users\Pilar\.m2jdk8\repository\jakarta\transaction\jakarta.transaction-api\1.3.3\jakarta.transaction-api-1.3.3.jar;C:\Users\Pilar\.m2jdk8\repository\jakarta\persistence\jakarta.persistence-api\2.2.3\jakarta.persistence-api-2.2.3.jar;C:\Users\Pilar\.m2jdk8\repository\org\hibernate\hibernate-core\5.4.23.Final\hibernate-core-5.4.23.Final.jar;C:\Users\Pilar\.m2jdk8\repository\org\jboss\logging\jboss-logging\3.4.1.Final\jboss-logging-3.4.1.Final.jar;C:\Users\Pilar\.m2jdk8\repository\org\javassist\javassist\3.24.0-GA\javassist-3.24.0-GA.jar;C:\Users\Pilar\.m2jdk8\repository\antlr\antlr\2.7.7\antlr-2.7.7.jar;C:\Users\Pilar\.m2jdk8\repository\org\jboss\jandex\2.1.3.Final\jandex-2.1.3.Final.jar;C:\Users\Pilar\.m2jdk8\repository\org\dom4j\dom4j\2.1.3\dom4j-2.1.3.jar;C:\Users\Pilar\.m2jdk8\repository\org\hibernate\common\hibernate-commons-annotations\5.1.2.Final\hibernate-commons-annotations-5.1.2.Final.jar;C:\Users\Pilar\.m2jdk8\repository\org\glassfish\jaxb\jaxb-runtime\2.3.3\jaxb-runtime-2.3.3.jar;C:\Users\Pilar\.m2jdk8\repository\org\glassfish\jaxb\txw2\2.3.3\txw2-2.3.3.jar;C:\Users\Pilar\.m2jdk8\repository\com\sun\istack\istack-commons-runtime\3.0.11\istack-commons-runtime-3.0.11.jar;C:\Users\Pilar\.m2jdk8\repository\com\sun\activation\jakarta.activation\1.2.2\jakarta.activation-1.2.2.jar;C:\Users\Pilar\.m2jdk8\repository\org\springframework\data\spring-data-jpa\2.3.5.RELEASE\spring-data-jpa-2.3.5.RELEASE.jar;C:\Users\Pilar\.m2jdk8\repository\org\springframework\data\spring-data-commons\2.3.5.RELEASE\spring-data-commons-2.3.5.RELEASE.jar;C:\Users\Pilar\.m2jdk8\repository\org\springframework\spring-orm\5.2.11.RELEASE\spring-orm-5.2.11.RELEASE.jar;C:\Users\Pilar\.m2jdk8\repository\org\springframework\spring-tx\5.2.11.RELEASE\spring-tx-5.2.11.RELEASE.jar;C:\Users\Pilar\.m2jdk8\repository\org\springframework\spring-aspects\5.2.11.RELEASE\spring-aspects-5.2.11.RELEASE.jar;C:\Users\Pilar\.m2jdk8\repository\com\h2database\h2\1.4.200\h2-1.4.200.jar;C:\Users\Pilar\.m2jdk8\repository\org\modelmapper\modelmapper\2.3.0\modelmapper-2.3.0.jar;C:\Users\Pilar\.m2jdk8\repository\io\springfox\springfox-swagger2\2.7.0\springfox-swagger2-2.7.0.jar;C:\Users\Pilar\.m2jdk8\repository\io\swagger\swagger-annotations\1.5.13\swagger-annotations-1.5.13.jar;C:\Users\Pilar\.m2jdk8\repository\io\swagger\swagger-models\1.5.13\swagger-models-1.5.13.jar;C:\Users\Pilar\.m2jdk8\repository\com\fasterxml\jackson\core\jackson-annotations\2.11.3\jackson-annotations-2.11.3.jar;C:\Users\Pilar\.m2jdk8\repository\io\springfox\springfox-spi\2.7.0\springfox-spi-2.7.0.jar;C:\Users\Pilar\.m2jdk8\repository\io\springfox\springfox-core\2.7.0\springfox-core-2.7.0.jar;C:\Users\Pilar\.m2jdk8\repository\io\springfox\springfox-schema\2.7.0\springfox-schema-2.7.0.jar;C:\Users\Pilar\.m2jdk8\repository\io\springfox\springfox-swagger-common\2.7.0\springfox-swagger-common-2.7.0.jar;C:\Users\Pilar\.m2jdk8\repository\io\springfox\springfox-spring-web\2.7.0\springfox-spring-web-2.7.0.jar;C:\Users\Pilar\.m2jdk8\repository\org\reflections\reflections\0.9.11\reflections-0.9.11.jar;C:\Users\Pilar\.m2jdk8\repository\com\google\guava\guava\18.0\guava-18.0.jar;C:\Users\Pilar\.m2jdk8\repository\com\fasterxml\classmate\1.5.1\classmate-1.5.1.jar;C:\Users\Pilar\.m2jdk8\repository\org\slf4j\slf4j-api\1.7.30\slf4j-api-1.7.30.jar;C:\Users\Pilar\.m2jdk8\repository\org\springframework\plugin\spring-plugin-core\1.2.0.RELEASE\spring-plugin-core-1.2.0.RELEASE.jar;C:\Users\Pilar\.m2jdk8\repository\org\springframework\plugin\spring-plugin-metadata\1.2.0.RELEASE\spring-plugin-metadata-1.2.0.RELEASE.jar;C:\Users\Pilar\.m2jdk8\repository\org\mapstruct\mapstruct\1.1.0.Final\mapstruct-1.1.0.Final.jar;C:\Users\Pilar\.m2jdk8\repository\io\springfox\springfox-swagger-ui\2.7.0\springfox-swagger-ui-2.7.0.jar;"/>
    <property name="java.vm.vendor" value="Oracle Corporation"/>
    <property name="sun.arch.data.model" value="64"/>
    <property name="user.variant" value=""/>
    <property name="java.vendor.url" value="http://java.oracle.com/"/>
    <property name="user.timezone" value="America/Sao_Paulo"/>
    <property name="java.vm.specification.version" value="1.8"/>
    <property name="os.name" value="Windows 10"/>
    <property name="user.country" value="BR"/>
    <property name="sun.java.launcher" value="SUN_STANDARD"/>
    <property name="sun.boot.library.path" value="C:\Program Files\Java\jdk1.8.0_231\jre\bin"/>
    <property name="sun.java.command" value="C:\Users\Pilar\AppData\Local\Temp\surefire8790900337689222745\surefirebooter4443638768499333104.jar C:\Users\Pilar\AppData\Local\Temp\surefire8790900337689222745 2021-07-09T22-44-57_012-jvmRun1 surefire2243119812626343729tmp surefire_06221000977096181935tmp"/>
    <property name="surefire.test.class.path" value="C:\TI\Repositorys-GIT\Projeto-Clientes\Api-Clientes\target\test-classes;C:\TI\Repositorys-GIT\Projeto-Clientes\Api-Clientes\target\classes;C:\Users\Pilar\.m2jdk8\repository\org\springframework\boot\spring-boot-starter-web\2.3.6.RELEASE\spring-boot-starter-web-2.3.6.RELEASE.jar;C:\Users\Pilar\.m2jdk8\repository\org\springframework\boot\spring-boot-starter\2.3.6.RELEASE\spring-boot-starter-2.3.6.RELEASE.jar;C:\Users\Pilar\.m2jdk8\repository\org\springframework\boot\spring-boot\2.3.6.RELEASE\spring-boot-2.3.6.RELEASE.jar;C:\Users\Pilar\.m2jdk8\repository\org\springframework\boot\spring-boot-autoconfigure\2.3.6.RELEASE\spring-boot-autoconfigure-2.3.6.RELEASE.jar;C:\Users\Pilar\.m2jdk8\repository\org\springframework\boot\spring-boot-starter-logging\2.3.6.RELEASE\spring-boot-starter-logging-2.3.6.RELEASE.jar;C:\Users\Pilar\.m2jdk8\repository\ch\qos\logback\logback-classic\1.2.3\logback-classic-1.2.3.jar;C:\Users\Pilar\.m2jdk8\repository\ch\qos\logback\logback-core\1.2.3\logback-core-1.2.3.jar;C:\Users\Pilar\.m2jdk8\repository\org\apache\logging\log4j\log4j-to-slf4j\2.13.3\log4j-to-slf4j-2.13.3.jar;C:\Users\Pilar\.m2jdk8\repository\org\apache\logging\log4j\log4j-api\2.13.3\log4j-api-2.13.3.jar;C:\Users\Pilar\.m2jdk8\repository\org\slf4j\jul-to-slf4j\1.7.30\jul-to-slf4j-1.7.30.jar;C:\Users\Pilar\.m2jdk8\repository\jakarta\annotation\jakarta.annotation-api\1.3.5\jakarta.annotation-api-1.3.5.jar;C:\Users\Pilar\.m2jdk8\repository\org\yaml\snakeyaml\1.26\snakeyaml-1.26.jar;C:\Users\Pilar\.m2jdk8\repository\org\springframework\boot\spring-boot-starter-json\2.3.6.RELEASE\spring-boot-starter-json-2.3.6.RELEASE.jar;C:\Users\Pilar\.m2jdk8\repository\com\fasterxml\jackson\core\jackson-databind\2.11.3\jackson-databind-2.11.3.jar;C:\Users\Pilar\.m2jdk8\repository\com\fasterxml\jackson\core\jackson-core\2.11.3\jackson-core-2.11.3.jar;C:\Users\Pilar\.m2jdk8\repository\com\fasterxml\jackson\datatype\jackson-datatype-jdk8\2.11.3\jackson-datatype-jdk8-2.11.3.jar;C:\Users\Pilar\.m2jdk8\repository\com\fasterxml\jackson\datatype\jackson-datatype-jsr310\2.11.3\jackson-datatype-jsr310-2.11.3.jar;C:\Users\Pilar\.m2jdk8\repository\com\fasterxml\jackson\module\jackson-module-parameter-names\2.11.3\jackson-module-parameter-names-2.11.3.jar;C:\Users\Pilar\.m2jdk8\repository\org\springframework\boot\spring-boot-starter-tomcat\2.3.6.RELEASE\spring-boot-starter-tomcat-2.3.6.RELEASE.jar;C:\Users\Pilar\.m2jdk8\repository\org\apache\tomcat\embed\tomcat-embed-core\9.0.39\tomcat-embed-core-9.0.39.jar;C:\Users\Pilar\.m2jdk8\repository\org\glassfish\jakarta.el\3.0.3\jakarta.el-3.0.3.jar;C:\Users\Pilar\.m2jdk8\repository\org\apache\tomcat\embed\tomcat-embed-websocket\9.0.39\tomcat-embed-websocket-9.0.39.jar;C:\Users\Pilar\.m2jdk8\repository\org\springframework\spring-web\5.2.11.RELEASE\spring-web-5.2.11.RELEASE.jar;C:\Users\Pilar\.m2jdk8\repository\org\springframework\spring-beans\5.2.11.RELEASE\spring-beans-5.2.11.RELEASE.jar;C:\Users\Pilar\.m2jdk8\repository\org\springframework\spring-webmvc\5.2.11.RELEASE\spring-webmvc-5.2.11.RELEASE.jar;C:\Users\Pilar\.m2jdk8\repository\org\springframework\spring-aop\5.2.11.RELEASE\spring-aop-5.2.11.RELEASE.jar;C:\Users\Pilar\.m2jdk8\repository\org\springframework\spring-context\5.2.11.RELEASE\spring-context-5.2.11.RELEASE.jar;C:\Users\Pilar\.m2jdk8\repository\org\springframework\spring-expression\5.2.11.RELEASE\spring-expression-5.2.11.RELEASE.jar;C:\Users\Pilar\.m2jdk8\repository\org\projectlombok\lombok\1.18.16\lombok-1.18.16.jar;C:\Users\Pilar\.m2jdk8\repository\org\springframework\boot\spring-boot-starter-test\2.3.6.RELEASE\spring-boot-starter-test-2.3.6.RELEASE.jar;C:\Users\Pilar\.m2jdk8\repository\org\springframework\boot\spring-boot-test\2.3.6.RELEASE\spring-boot-test-2.3.6.RELEASE.jar;C:\Users\Pilar\.m2jdk8\repository\org\springframework\boot\spring-boot-test-autoconfigure\2.3.6.RELEASE\spring-boot-test-autoconfigure-2.3.6.RELEASE.jar;C:\Users\Pilar\.m2jdk8\repository\com\jayway\jsonpath\json-path\2.4.0\json-path-2.4.0.jar;C:\Users\Pilar\.m2jdk8\repository\net\minidev\json-smart\2.3\json-smart-2.3.jar;C:\Users\Pilar\.m2jdk8\repository\net\minidev\accessors-smart\1.2\accessors-smart-1.2.jar;C:\Users\Pilar\.m2jdk8\repository\org\ow2\asm\asm\5.0.4\asm-5.0.4.jar;C:\Users\Pilar\.m2jdk8\repository\jakarta\xml\bind\jakarta.xml.bind-api\2.3.3\jakarta.xml.bind-api-2.3.3.jar;C:\Users\Pilar\.m2jdk8\repository\jakarta\activation\jakarta.activation-api\1.2.2\jakarta.activation-api-1.2.2.jar;C:\Users\Pilar\.m2jdk8\repository\org\assertj\assertj-core\3.16.1\assertj-core-3.16.1.jar;C:\Users\Pilar\.m2jdk8\repository\org\hamcrest\hamcrest\2.2\hamcrest-2.2.jar;C:\Users\Pilar\.m2jdk8\repository\org\junit\jupiter\junit-jupiter\5.6.3\junit-jupiter-5.6.3.jar;C:\Users\Pilar\.m2jdk8\repository\org\junit\jupiter\junit-jupiter-api\5.6.3\junit-jupiter-api-5.6.3.jar;C:\Users\Pilar\.m2jdk8\repository\org\apiguardian\apiguardian-api\1.1.0\apiguardian-api-1.1.0.jar;C:\Users\Pilar\.m2jdk8\repository\org\opentest4j\opentest4j\1.2.0\opentest4j-1.2.0.jar;C:\Users\Pilar\.m2jdk8\repository\org\junit\platform\junit-platform-commons\1.6.3\junit-platform-commons-1.6.3.jar;C:\Users\Pilar\.m2jdk8\repository\org\junit\jupiter\junit-jupiter-params\5.6.3\junit-jupiter-params-5.6.3.jar;C:\Users\Pilar\.m2jdk8\repository\org\junit\jupiter\junit-jupiter-engine\5.6.3\junit-jupiter-engine-5.6.3.jar;C:\Users\Pilar\.m2jdk8\repository\org\junit\platform\junit-platform-engine\1.6.3\junit-platform-engine-1.6.3.jar;C:\Users\Pilar\.m2jdk8\repository\org\mockito\mockito-core\3.3.3\mockito-core-3.3.3.jar;C:\Users\Pilar\.m2jdk8\repository\net\bytebuddy\byte-buddy\1.10.18\byte-buddy-1.10.18.jar;C:\Users\Pilar\.m2jdk8\repository\net\bytebuddy\byte-buddy-agent\1.10.18\byte-buddy-agent-1.10.18.jar;C:\Users\Pilar\.m2jdk8\repository\org\objenesis\objenesis\2.6\objenesis-2.6.jar;C:\Users\Pilar\.m2jdk8\repository\org\mockito\mockito-junit-jupiter\3.3.3\mockito-junit-jupiter-3.3.3.jar;C:\Users\Pilar\.m2jdk8\repository\org\skyscreamer\jsonassert\1.5.0\jsonassert-1.5.0.jar;C:\Users\Pilar\.m2jdk8\repository\com\vaadin\external\google\android-json\0.0.20131108.vaadin1\android-json-0.0.20131108.vaadin1.jar;C:\Users\Pilar\.m2jdk8\repository\org\springframework\spring-core\5.2.11.RELEASE\spring-core-5.2.11.RELEASE.jar;C:\Users\Pilar\.m2jdk8\repository\org\springframework\spring-jcl\5.2.11.RELEASE\spring-jcl-5.2.11.RELEASE.jar;C:\Users\Pilar\.m2jdk8\repository\org\springframework\spring-test\5.2.11.RELEASE\spring-test-5.2.11.RELEASE.jar;C:\Users\Pilar\.m2jdk8\repository\org\xmlunit\xmlunit-core\2.7.0\xmlunit-core-2.7.0.jar;C:\Users\Pilar\.m2jdk8\repository\org\springframework\boot\spring-boot-starter-data-jpa\2.3.6.RELEASE\spring-boot-starter-data-jpa-2.3.6.RELEASE.jar;C:\Users\Pilar\.m2jdk8\repository\org\springframework\boot\spring-boot-starter-aop\2.3.6.RELEASE\spring-boot-starter-aop-2.3.6.RELEASE.jar;C:\Users\Pilar\.m2jdk8\repository\org\aspectj\aspectjweaver\1.9.6\aspectjweaver-1.9.6.jar;C:\Users\Pilar\.m2jdk8\repository\org\springframework\boot\spring-boot-starter-jdbc\2.3.6.RELEASE\spring-boot-starter-jdbc-2.3.6.RELEASE.jar;C:\Users\Pilar\.m2jdk8\repository\com\zaxxer\HikariCP\3.4.5\HikariCP-3.4.5.jar;C:\Users\Pilar\.m2jdk8\repository\org\springframework\spring-jdbc\5.2.11.RELEASE\spring-jdbc-5.2.11.RELEASE.jar;C:\Users\Pilar\.m2jdk8\repository\jakarta\transaction\jakarta.transaction-api\1.3.3\jakarta.transaction-api-1.3.3.jar;C:\Users\Pilar\.m2jdk8\repository\jakarta\persistence\jakarta.persistence-api\2.2.3\jakarta.persistence-api-2.2.3.jar;C:\Users\Pilar\.m2jdk8\repository\org\hibernate\hibernate-core\5.4.23.Final\hibernate-core-5.4.23.Final.jar;C:\Users\Pilar\.m2jdk8\repository\org\jboss\logging\jboss-logging\3.4.1.Final\jboss-logging-3.4.1.Final.jar;C:\Users\Pilar\.m2jdk8\repository\org\javassist\javassist\3.24.0-GA\javassist-3.24.0-GA.jar;C:\Users\Pilar\.m2jdk8\repository\antlr\antlr\2.7.7\antlr-2.7.7.jar;C:\Users\Pilar\.m2jdk8\repository\org\jboss\jandex\2.1.3.Final\jandex-2.1.3.Final.jar;C:\Users\Pilar\.m2jdk8\repository\org\dom4j\dom4j\2.1.3\dom4j-2.1.3.jar;C:\Users\Pilar\.m2jdk8\repository\org\hibernate\common\hibernate-commons-annotations\5.1.2.Final\hibernate-commons-annotations-5.1.2.Final.jar;C:\Users\Pilar\.m2jdk8\repository\org\glassfish\jaxb\jaxb-runtime\2.3.3\jaxb-runtime-2.3.3.jar;C:\Users\Pilar\.m2jdk8\repository\org\glassfish\jaxb\txw2\2.3.3\txw2-2.3.3.jar;C:\Users\Pilar\.m2jdk8\repository\com\sun\istack\istack-commons-runtime\3.0.11\istack-commons-runtime-3.0.11.jar;C:\Users\Pilar\.m2jdk8\repository\com\sun\activation\jakarta.activation\1.2.2\jakarta.activation-1.2.2.jar;C:\Users\Pilar\.m2jdk8\repository\org\springframework\data\spring-data-jpa\2.3.5.RELEASE\spring-data-jpa-2.3.5.RELEASE.jar;C:\Users\Pilar\.m2jdk8\repository\org\springframework\data\spring-data-commons\2.3.5.RELEASE\spring-data-commons-2.3.5.RELEASE.jar;C:\Users\Pilar\.m2jdk8\repository\org\springframework\spring-orm\5.2.11.RELEASE\spring-orm-5.2.11.RELEASE.jar;C:\Users\Pilar\.m2jdk8\repository\org\springframework\spring-tx\5.2.11.RELEASE\spring-tx-5.2.11.RELEASE.jar;C:\Users\Pilar\.m2jdk8\repository\org\springframework\spring-aspects\5.2.11.RELEASE\spring-aspects-5.2.11.RELEASE.jar;C:\Users\Pilar\.m2jdk8\repository\com\h2database\h2\1.4.200\h2-1.4.200.jar;C:\Users\Pilar\.m2jdk8\repository\org\modelmapper\modelmapper\2.3.0\modelmapper-2.3.0.jar;C:\Users\Pilar\.m2jdk8\repository\io\springfox\springfox-swagger2\2.7.0\springfox-swagger2-2.7.0.jar;C:\Users\Pilar\.m2jdk8\repository\io\swagger\swagger-annotations\1.5.13\swagger-annotations-1.5.13.jar;C:\Users\Pilar\.m2jdk8\repository\io\swagger\swagger-models\1.5.13\swagger-models-1.5.13.jar;C:\Users\Pilar\.m2jdk8\repository\com\fasterxml\jackson\core\jackson-annotations\2.11.3\jackson-annotations-2.11.3.jar;C:\Users\Pilar\.m2jdk8\repository\io\springfox\springfox-spi\2.7.0\springfox-spi-2.7.0.jar;C:\Users\Pilar\.m2jdk8\repository\io\springfox\springfox-core\2.7.0\springfox-core-2.7.0.jar;C:\Users\Pilar\.m2jdk8\repository\io\springfox\springfox-schema\2.7.0\springfox-schema-2.7.0.jar;C:\Users\Pilar\.m2jdk8\repository\io\springfox\springfox-swagger-common\2.7.0\springfox-swagger-common-2.7.0.jar;C:\Users\Pilar\.m2jdk8\repository\io\springfox\springfox-spring-web\2.7.0\springfox-spring-web-2.7.0.jar;C:\Users\Pilar\.m2jdk8\repository\org\reflections\reflections\0.9.11\reflections-0.9.11.jar;C:\Users\Pilar\.m2jdk8\repository\com\google\guava\guava\18.0\guava-18.0.jar;C:\Users\Pilar\.m2jdk8\repository\com\fasterxml\classmate\1.5.1\classmate-1.5.1.jar;C:\Users\Pilar\.m2jdk8\repository\org\slf4j\slf4j-api\1.7.30\slf4j-api-1.7.30.jar;C:\Users\Pilar\.m2jdk8\repository\org\springframework\plugin\spring-plugin-core\1.2.0.RELEASE\spring-plugin-core-1.2.0.RELEASE.jar;C:\Users\Pilar\.m2jdk8\repository\org\springframework\plugin\spring-plugin-metadata\1.2.0.RELEASE\spring-plugin-metadata-1.2.0.RELEASE.jar;C:\Users\Pilar\.m2jdk8\repository\org\mapstruct\mapstruct\1.1.0.Final\mapstruct-1.1.0.Final.jar;C:\Users\Pilar\.m2jdk8\repository\io\springfox\springfox-swagger-ui\2.7.0\springfox-swagger-ui-2.7.0.jar;"/>
    <property name="sun.cpu.endian" value="little"/>
    <property name="user.home" value="C:\Users\Pilar"/>
    <property name="user.language" value="pt"/>
    <property name="java.specification.vendor" value="Oracle Corporation"/>
    <property name="java.home" value="C:\Program Files\Java\jdk1.8.0_231\jre"/>
    <property name="basedir" value="C:\TI\Repositorys-GIT\Projeto-Clientes\Api-Clientes"/>
    <property name="file.separator" value="\"/>
    <property name="line.separator" value="&#10;"/>
    <property name="java.vm.specification.vendor" value="Oracle Corporation"/>
    <property name="java.specification.name" value="Java Platform API Specification"/>
    <property name="java.awt.graphicsenv" value="sun.awt.Win32GraphicsEnvironment"/>
    <property name="surefire.real.class.path" value="C:\Users\Pilar\AppData\Local\Temp\surefire8790900337689222745\surefirebooter4443638768499333104.jar"/>
    <property name="sun.boot.class.path" value="C:\Program Files\Java\jdk1.8.0_231\jre\lib\resources.jar;C:\Program Files\Java\jdk1.8.0_231\jre\lib\rt.jar;C:\Program Files\Java\jdk1.8.0_231\jre\lib\sunrsasign.jar;C:\Program Files\Java\jdk1.8.0_231\jre\lib\jsse.jar;C:\Program Files\Java\jdk1.8.0_231\jre\lib\jce.jar;C:\Program Files\Java\jdk1.8.0_231\jre\lib\charsets.jar;C:\Program Files\Java\jdk1.8.0_231\jre\lib\jfr.jar;C:\Program Files\Java\jdk1.8.0_231\jre\classes"/>
    <property name="user.script" value=""/>
    <property name="sun.management.compiler" value="HotSpot 64-Bit Tiered Compilers"/>
    <property name="java.runtime.version" value="1.8.0_231-b11"/>
    <property name="user.name" value="Pilar"/>
    <property name="path.separator" value=";"/>
    <property name="os.version" value="10.0"/>
    <property name="java.endorsed.dirs" value="C:\Program Files\Java\jdk1.8.0_231\jre\lib\endorsed"/>
    <property name="java.runtime.name" value="Java(TM) SE Runtime Environment"/>
    <property name="file.encoding" value="Cp1252"/>
    <property name="java.vm.name" value="Java HotSpot(TM) 64-Bit Server VM"/>
    <property name="localRepository" value="C:\Users\Pilar\.m2jdk8\repository"/>
    <property name="java.vendor.url.bug" value="http://bugreport.sun.com/bugreport/"/>
    <property name="java.io.tmpdir" value="C:\Users\Pilar\AppData\Local\Temp\"/>
    <property name="java.version" value="1.8.0_231"/>
    <property name="user.dir" value="C:\TI\Repositorys-GIT\Projeto-Clientes\Api-Clientes"/>
    <property name="os.arch" value="amd64"/>
    <property name="java.vm.specification.name" value="Java Virtual Machine Specification"/>
    <property name="java.awt.printerjob" value="sun.awt.windows.WPrinterJob"/>
    <property name="sun.os.patch.level" value=""/>
    <property name="java.library.path" value="C:\Program Files\Java\jdk1.8.0_231\jre\bin;C:\WINDOWS\Sun\Java\bin;C:\WINDOWS\system32;C:\WINDOWS;C:/Users/Pilar/.p2/pool/plugins/org.eclipse.justj.openjdk.hotspot.jre.full.win32.x86_64_14.0.2.v20200815-0932/jre/bin/server;C:/Users/Pilar/.p2/pool/plugins/org.eclipse.justj.openjdk.hotspot.jre.full.win32.x86_64_14.0.2.v20200815-0932/jre/bin;C:\Program Files (x86)\NVIDIA Corporation\PhysX\Common;C:\Python39\Scripts\;C:\Python39\;C:\Program Files (x86)\Common Files\Oracle\Java\javapath;C:\WINDOWS\system32;C:\WINDOWS;C:\WINDOWS\System32\Wbem;C:\WINDOWS\System32\WindowsPowerShell\v1.0\;C:\WINDOWS\System32\OpenSSH\;C:\Program Files (x86)\ATI Technologies\ATI.ACE\Core-Static;C:\ProgramData\chocolatey\bin;E:\Arquivos de Programas\Git\cmd;C:\Program Files\nodejs\;C:\Users\Pilar\AppData\Local\Microsoft\WindowsApps;;C:\Users\Pilar\AppData\Local\Programs\Microsoft VS Code\bin;C:\Users\Pilar\AppData\Roaming\npm;C:\Users\Pilar\Desktop;;."/>
    <property name="java.vm.info" value="mixed mode"/>
    <property name="java.vendor" value="Oracle Corporation"/>
    <property name="java.vm.version" value="25.231-b11"/>
    <property name="java.ext.dirs" value="C:\Program Files\Java\jdk1.8.0_231\jre\lib\ext;C:\WINDOWS\Sun\Java\lib\ext"/>
    <property name="sun.io.unicode.encoding" value="UnicodeLittle"/>
    <property name="java.class.version" value="52.0"/>
  </properties>
  <testcase name="contextLoads" classname="com.example.Clientes.ApiClientes.ApiClientesApplicationTests" time="0.097"/>
</testsuite>